\BOOKMARK [1][-]{section.1}{Introduction}{}
\BOOKMARK [2][-]{section*.2}{Overview}{section.1}
\BOOKMARK [2][-]{section*.3}{What is included in this package}{section.1}
\BOOKMARK [2][-]{section*.4}{What SSU-align does not do}{section.1}
\BOOKMARK [2][-]{section*.5}{Future development}{section.1}
\BOOKMARK [1][-]{section.2}{The SSU ribosomal RNA secondary structure models used by SSU-align}{}
\BOOKMARK [2][-]{section*.6}{Procedure for going from CRW to consensus structure annotated Stockholm alignment files}{section.2}
\BOOKMARK [2][-]{section*.7}{Training alignment statistics mapped onto consensus secondary structures}{section.2}
\BOOKMARK [1][-]{section.3}{Basic tutorial: defining and aligning SSU sequences using SSU-align}{}
\BOOKMARK [2][-]{section*.8}{Files used in this tutorial}{section.3}
\BOOKMARK [2][-]{section*.9}{Pruning the alignment based on probabilistic confidence estimates}{section.3}
\BOOKMARK [1][-]{section.4}{Tutorial}{}
\BOOKMARK [2][-]{section*.10}{Files used in the tutorial}{section.4}
\BOOKMARK [2][-]{section*.11}{Defining and aligning SSU sequences using SSUalign}{section.4}
\BOOKMARK [2][-]{section*.12}{Pruning the alignment based on probabilistic confidence estimates}{section.4}
\BOOKMARK [2][-]{section*.13}{Creating a truncated model of a specific region of SSU rRNA}{section.4}
\BOOKMARK [1][-]{section.5}{Advanced tutorial: drawing SSU secondary structure diagrams}{}
\BOOKMARK [1][-]{section.6}{Advanced tutorial: creating new SSU models}{}
\BOOKMARK [1][-]{section.7}{Advanced tutorial: splitting up large alignment jobs}{}
\BOOKMARK [1][-]{section.8}{Advanced tutorial: merging your alignments with existing reference alignments}{}
\BOOKMARK [1][-]{section.9}{? Advanced tutorial: manipulating alignments with the esl-alimanip program}{}
\BOOKMARK [1][-]{section.10}{Benchmarking SSU-align alignment accuracy}{}
