This is pdfTeXk, Version 3.141592-1.40.3 (Web2C 7.5.6) (format=pdflatex 2009.3.12)  15 JUN 2009 14:55
entering extended mode
 %&-line parsing enabled.
**main
(./main.tex
LaTeX2e <2005/12/01>
Babel <v3.8h> and hyphenation patterns for english, usenglishmax, dumylang, noh
yphenation, arabic, basque, bulgarian, coptic, welsh, czech, slovak, german, ng
erman, danish, esperanto, spanish, catalan, galician, estonian, farsi, finnish,
 french, greek, monogreek, ancientgreek, croatian, hungarian, interlingua, ibyc
us, indonesian, icelandic, italian, latin, mongolian, dutch, norsk, polish, por
tuguese, pinyin, romanian, russian, slovenian, uppersorbian, serbian, swedish, 
turkish, ukenglish, ukrainian, loaded.
(/usr/share/texmf/tex/latex/base/article.cls
Document Class: article 2005/09/16 v1.4f Standard LaTeX document class
(/usr/share/texmf/tex/latex/base/size11.clo
File: size11.clo 2005/09/16 v1.4f Standard LaTeX file (size option)
)
\c@part=\count79
\c@section=\count80
\c@subsection=\count81
\c@subsubsection=\count82
\c@paragraph=\count83
\c@subparagraph=\count84
\c@figure=\count85
\c@table=\count86
\abovecaptionskip=\skip41
\belowcaptionskip=\skip42
\bibindent=\dimen102
)
(/usr/share/texmf/tex/latex/graphics/graphicx.sty
Package: graphicx 1999/02/16 v1.0f Enhanced LaTeX Graphics (DPC,SPQR)

(/usr/share/texmf/tex/latex/graphics/keyval.sty
Package: keyval 1999/03/16 v1.13 key=value parser (DPC)
\KV@toks@=\toks14
)
(/usr/share/texmf/tex/latex/graphics/graphics.sty
Package: graphics 2006/02/20 v1.0o Standard LaTeX Graphics (DPC,SPQR)

(/usr/share/texmf/tex/latex/graphics/trig.sty
Package: trig 1999/03/16 v1.09 sin cos tan (DPC)
)
(/usr/share/texmf/tex/latex/config/graphics.cfg
File: graphics.cfg 2007/01/18 v1.5 graphics configuration of teTeX/TeXLive
)
Package graphics Info: Driver file: pdftex.def on input line 90.

(/usr/share/texmf/tex/latex/pdftex-def/pdftex.def
File: pdftex.def 2007/01/08 v0.04d Graphics/color for pdfTeX
\Gread@gobject=\count87
))
\Gin@req@height=\dimen103
\Gin@req@width=\dimen104
) (./html.sty
(/usr/share/texmf/tex/latex/hyperref/hyperref.sty
Package: hyperref 2007/02/07 v6.75r Hypertext links for LaTeX
\@linkdim=\dimen105
\Hy@linkcounter=\count88
\Hy@pagecounter=\count89

(/usr/share/texmf/tex/latex/hyperref/pd1enc.def
File: pd1enc.def 2007/02/07 v6.75r Hyperref: PDFDocEncoding definition (HO)
)
(/usr/share/texmf/tex/latex/config/hyperref.cfg
File: hyperref.cfg 2002/06/06 v1.2 hyperref configuration of TeXLive
)
(/usr/share/texmf/tex/latex/oberdiek/kvoptions.sty
Package: kvoptions 2006/08/22 v2.4 Connects package keyval with LaTeX options (
HO)
)
Package hyperref Info: Hyper figures OFF on input line 2288.
Package hyperref Info: Link nesting OFF on input line 2293.
Package hyperref Info: Hyper index ON on input line 2296.
Package hyperref Info: Plain pages OFF on input line 2303.
Package hyperref Info: Backreferencing OFF on input line 2308.

Implicit mode ON; LaTeX internals redefined
Package hyperref Info: Bookmarks ON on input line 2444.
(./url.sty
Package: url 1999/03/02  ver 1.4  Verb mode for urls, email addresses, and file
 names
)
LaTeX Info: Redefining \url on input line 2599.
\Fld@menulength=\count90
\Field@Width=\dimen106
\Fld@charsize=\dimen107
\Choice@toks=\toks15
\Field@toks=\toks16
Package hyperref Info: Hyper figures OFF on input line 3102.
Package hyperref Info: Link nesting OFF on input line 3107.
Package hyperref Info: Hyper index ON on input line 3110.
Package hyperref Info: backreferencing OFF on input line 3117.
Package hyperref Info: Link coloring OFF on input line 3122.
\Hy@abspage=\count91
\c@Item=\count92
\c@Hfootnote=\count93
)
*hyperref using default driver hpdftex*
(/usr/share/texmf/tex/latex/hyperref/hpdftex.def
File: hpdftex.def 2007/02/07 v6.75r Hyperref driver for pdfTeX
\Fld@listcount=\count94
)
Package: html 1999/07/19 v1.38 hypertext commands for latex2html (nd, hws, rrm)

\c@lpart=\count95
\c@lchapter=\count96
\c@chapter=\count97
\c@lsection=\count98
\c@lsubsection=\count99
\c@lsubsubsection=\count100
\c@lparagraph=\count101
\c@lsubparagraph=\count102
\c@lsubsubparagraph=\count103
\ptrfile=\write3
) (./apalike.sty
\bibhang=\skip43
)
(/usr/share/texmf/tex/latex/preprint/fullpage.sty
Package: fullpage 1999/02/23 1.1 (PWD)
\FP@margin=\skip44
)
(/usr/share/texmf/tex/latex/psnfss/times.sty
Package: times 2005/04/12 PSNFSS-v9.2a (SPQR) 
)
(/usr/share/texmf/tex/latex/fancyvrb/fancyvrb.sty
Package: fancyvrb 1998/07/17

Style option: `fancyvrb' v2.6, with DG/SPQR fixes <1998/07/17> (tvz)
\FV@CodeLineNo=\count104
\FV@InFile=\read1
\FV@TabBox=\box26
\c@FancyVerbLine=\count105
\FV@StepNumber=\count106
\FV@OutFile=\write4

No file fancyvrb.cfg.
) (/usr/share/texmf/tex/latex/tools/verbatim.sty
Package: verbatim 2003/08/22 v1.5q LaTeX2e package for verbatim enhancements
\every@verbatim=\toks17
\verbatim@line=\toks18
\verbatim@in@stream=\read2
) (./macros.tex
\sresavei=\skip45
\sresaves=\skip46
) (./main.aux)
\openout1 = `main.aux'.

LaTeX Font Info:    Checking defaults for OML/cmm/m/it on input line 18.
LaTeX Font Info:    ... okay on input line 18.
LaTeX Font Info:    Checking defaults for T1/cmr/m/n on input line 18.
LaTeX Font Info:    ... okay on input line 18.
LaTeX Font Info:    Checking defaults for OT1/cmr/m/n on input line 18.
LaTeX Font Info:    ... okay on input line 18.
LaTeX Font Info:    Checking defaults for OMS/cmsy/m/n on input line 18.
LaTeX Font Info:    ... okay on input line 18.
LaTeX Font Info:    Checking defaults for OMX/cmex/m/n on input line 18.
LaTeX Font Info:    ... okay on input line 18.
LaTeX Font Info:    Checking defaults for U/cmr/m/n on input line 18.
LaTeX Font Info:    ... okay on input line 18.
LaTeX Font Info:    Checking defaults for PD1/pdf/m/n on input line 18.
LaTeX Font Info:    ... okay on input line 18.
LaTeX Font Info:    Try loading font information for OT1+ptm on input line 18.

(/usr/share/texmf/tex/latex/psnfss/ot1ptm.fd
File: ot1ptm.fd 2001/06/04 font definitions for OT1/ptm.
)
Package hyperref Info: Link coloring OFF on input line 18.

(/usr/share/texmf/tex/latex/hyperref/nameref.sty
Package: nameref 2006/12/27 v2.28 Cross-referencing by name of section

(/usr/share/texmf/tex/latex/oberdiek/refcount.sty
Package: refcount 2006/02/20 v3.0 Data extraction from references (HO)
)
\c@section@level=\count107
)
LaTeX Info: Redefining \ref on input line 18.
LaTeX Info: Redefining \pageref on input line 18.
 (./main.out) (./main.out)
\@outlinefile=\write5
\openout5 = `main.out'.


(./titlepage.tex
LaTeX Font Info:    Font shape `OT1/ptm/bx/n' in size <24.88> not available
(Font)              Font shape `OT1/ptm/b/n' tried instead on input line 17.
LaTeX Font Info:    Font shape `OT1/ptm/bx/n' in size <12> not available
(Font)              Font shape `OT1/ptm/b/n' tried instead on input line 19.
 [1

{/usr/share/texmf/fonts/map/pdftex/updmap/pdftex.map}])
(./copyright.tex)pdfTeX warning (ext4): destination with the same identifier (n
ame{page.1}) has been already used, duplicate ignored
<to be read again> 
                   \relax 
l.24 \newpage
              [1]
LaTeX Font Info:    Font shape `OT1/ptm/bx/n' in size <14.4> not available
(Font)              Font shape `OT1/ptm/b/n' tried instead on input line 26.
 (./main.toc
LaTeX Font Info:    Font shape `OT1/ptm/bx/n' in size <10.95> not available
(Font)              Font shape `OT1/ptm/b/n' tried instead on input line 1.
LaTeX Font Info:    External font `cmex10' loaded for size
(Font)              <10.95> on input line 2.
LaTeX Font Info:    External font `cmex10' loaded for size
(Font)              <8> on input line 2.
LaTeX Font Info:    External font `cmex10' loaded for size
(Font)              <6> on input line 2.
LaTeX Font Info:    Font shape `OT1/ptm/bx/sc' in size <10.95> not available
(Font)              Font shape `OT1/ptm/b/sc' tried instead on input line 6.
LaTeX Font Info:    Font shape `OT1/ptm/bx/n' in size <10> not available
(Font)              Font shape `OT1/ptm/b/n' tried instead on input line 21.
LaTeX Font Info:    Try loading font information for OT1+pcr on input line 21.
 (/usr/share/texmf/tex/latex/psnfss/ot1pcr.fd
File: ot1pcr.fd 2001/06/04 font definitions for OT1/pcr.
)
LaTeX Font Info:    Font shape `OT1/pcr/bx/n' in size <10> not available
(Font)              Font shape `OT1/pcr/b/n' tried instead on input line 21.
)
\tf@toc=\write6
\openout6 = `main.toc'.


[2] (./intro.tex

LaTeX Warning: Citation `Cannone02' on page 3 undefined on input line 74.

[3]
LaTeX Font Info:    Font shape `OT1/ptm/bx/it' in size <12> not available
(Font)              Font shape `OT1/ptm/b/it' tried instead on input line 83.
) [4] (./models.tex
LaTeX Font Info:    Font shape `OT1/ptm/bx/sc' in size <14.4> not available
(Font)              Font shape `OT1/ptm/b/sc' tried instead on input line 1.

Overfull \hbox (0.12529pt too wide) in paragraph at lines 1--1
[]\OT1/ptm/b/n/14.4 The SSU ri-bo-so-mal RNA sec-ondary struc-ture mod-els used
 by \OT1/ptm/b/sc/14.4 SSU-align 
 []

) [5] (./tutorial.tex
Underfull \hbox (badness 10000) in paragraph at lines 48--49

 []


Overfull \hbox (0.44449pt too wide) in paragraph at lines 57--62
[]\OT1/ptm/m/n/10.95 In stage 1, the pro-gram scans the in-put se-quences with 
each of the three mod-els in the CM file \OT1/pcr/b/n/10 abcem.cm\OT1/ptm/m/n/1
0.95 .
 []


Overfull \hbox (61.87822pt too wide) in paragraph at lines 80--92
\OT1/ptm/m/n/10.95 quences were scored high-est by the bac-te-rial model. The l
ist and se-quences are in \OT1/pcr/b/n/10 myrun/myrun.bacteria.sseq.list
 []


Overfull \hbox (0.4621pt too wide) in paragraph at lines 80--92
\OT1/ptm/m/n/10.95 and \OT1/pcr/b/n/10 myrun/myrun.bacteria.sseq.fa\OT1/ptm/m/n
/10.95 . The re-main-ing 199 se-quences were scored high-est by the chloro-
 []

[6]
Overfull \hbox (6.27122pt too wide) in paragraph at lines 119--121
[]\OT1/ptm/m/n/10.95 After the align-ment stage ends there will be three new al
ign-ment files: \OT1/pcr/b/n/10 myrun/myrun.m1.cmalign.stk
 []

LaTeX Font Info:    Try loading font information for OMS+ptm on input line 135.

(/usr/share/texmf/tex/latex/psnfss/omsptm.fd
File: omsptm.fd 
)
LaTeX Font Info:    Font shape `OMS/ptm/m/n' in size <10.95> not available
(Font)              Font shape `OMS/cmsy/m/n' tried instead on input line 135.

Overfull \hbox (7.01341pt too wide) in paragraph at lines 135--139
[]\OT1/ptm/m/n/10.95 The align-ment is in an in-ter-leaved for-mat, like other 
com-mon align-ment file for-mats such as \OT1/ptm/m/sc/10.95 clustalw\OT1/ptm/m
/n/10.95 .
 []

[7]) [8] (./advanced.tex
Underfull \hbox (badness 10000) in paragraph at lines 43--44

 []


Overfull \hbox (0.44449pt too wide) in paragraph at lines 52--57
[]\OT1/ptm/m/n/10.95 In stage 1, the pro-gram scans the in-put se-quences with 
each of the three mod-els in the CM file \OT1/pcr/b/n/10 abcem.cm\OT1/ptm/m/n/1
0.95 .
 []


Overfull \hbox (61.87822pt too wide) in paragraph at lines 75--87
\OT1/ptm/m/n/10.95 quences were scored high-est by the bac-te-rial model. The l
ist and se-quences are in \OT1/pcr/b/n/10 myrun/myrun.bacteria.sseq.list
 []


Overfull \hbox (0.4621pt too wide) in paragraph at lines 75--87
\OT1/ptm/m/n/10.95 and \OT1/pcr/b/n/10 myrun/myrun.bacteria.sseq.fa\OT1/ptm/m/n
/10.95 . The re-main-ing 199 se-quences were scored high-est by the chloro-
 []

[9]
Overfull \hbox (6.27122pt too wide) in paragraph at lines 114--116
[]\OT1/ptm/m/n/10.95 After the align-ment stage ends there will be three new al
ign-ment files: \OT1/pcr/b/n/10 myrun/myrun.m1.cmalign.stk
 []


Overfull \hbox (7.01341pt too wide) in paragraph at lines 130--134
[]\OT1/ptm/m/n/10.95 The align-ment is in an in-ter-leaved for-mat, like other 
com-mon align-ment file for-mats such as \OT1/ptm/m/sc/10.95 clustalw\OT1/ptm/m
/n/10.95 .
 []

[10] <Figures/bac_seed.pdf, id=181, 614.295pt x 794.97pt>
File: Figures/bac_seed.pdf Graphic file (type pdf)

<use Figures/bac_seed.pdf>
Overfull \hbox (4.9408pt too wide) in paragraph at lines 177--178
 [] 
 []

[11] [12 <./Figures/bac_seed.pdf>]

LaTeX Warning: Citation `Nawrocki07' on page 13 undefined on input line 206.


Overfull \hbox (1.01941pt too wide) in paragraph at lines 242--242
[]\OT1/ptm/b/n/14.4 Advanced tu-to-rial: merg-ing your align-ments with ex-ist-
ing ref-er-ence align-
 []

) [13] [14] (./main.bbl) [15] (./main.aux) ) 
Here is how much of TeX's memory you used:
 3367 strings out of 256216
 46402 string characters out of 1917072
 102902 words of memory out of 1500000
 6555 multiletter control sequences out of 10000+200000
 30871 words of font info for 60 fonts, out of 1200000 for 2000
 645 hyphenation exceptions out of 8191
 32i,4n,37p,669b,362s stack positions out of 5000i,500n,6000p,200000b,15000s
{/usr/share/texmf/fonts/enc/dvips/b
ase/8r.enc}</usr/share/texmf/fonts/type1/bluesky/cm/cmr10.pfb></usr/share/texmf
/fonts/type1/bluesky/cm/cmsy10.pfb></usr/share/texmf/fonts/type1/urw/courier/uc
rb8a.pfb></usr/share/texmf/fonts/type1/urw/courier/ucrr8a.pfb></usr/share/texmf
/fonts/type1/urw/times/utmb8a.pfb></usr/share/texmf/fonts/type1/urw/times/utmbi
8a.pfb></usr/share/texmf/fonts/type1/urw/times/utmr8a.pfb></usr/share/texmf/fon
ts/type1/urw/times/utmr8a.pfb></usr/share/texmf/fonts/type1/urw/times/utmri8a.p
fb>
Output written on main.pdf (16 pages, 161812 bytes).
PDF statistics:
 253 PDF objects out of 1000 (max. 8388607)
 44 named destinations out of 1000 (max. 131072)
 198 words of extra memory for PDF output out of 10000 (max. 10000000)

